#
# There is insufficient memory for the Java Runtime Environment to continue.
# Native memory allocation (malloc) failed to allocate 32744 bytes for ChunkPool::allocate
# Possible reasons:
#   The system is out of physical RAM or swap space
#   In 32 bit mode, the process size limit was hit
# Possible solutions:
#   Reduce memory load on the system
#   Increase physical memory or swap space
#   Check if swap backing store is full
#   Use 64 bit Java on a 64 bit OS
#   Decrease Java heap size (-Xmx/-Xms)
#   Decrease number of Java threads
#   Decrease Java thread stack sizes (-Xss)
#   Set larger code cache with -XX:ReservedCodeCacheSize=
# This output file may be truncated or incomplete.
#
#  Out of Memory Error (allocation.cpp:211), pid=22612, tid=37012
#
# JRE version: Java(TM) SE Runtime Environment (7.0_45-b18) (build 1.7.0_45-b18)
# Java VM: Java HotSpot(TM) 64-Bit Server VM (24.45-b08 mixed mode windows-amd64 compressed oops)
# Failed to write core dump. Minidumps are not enabled by default on client versions of Windows
#

---------------  T H R E A D  ---------------

Current thread (0x000000000d684800):  JavaThread "C2 CompilerThread0" daemon [_thread_in_native, id=37012, stack(0x000000000df70000,0x000000000e070000)]

Stack: [0x000000000df70000,0x000000000e070000]

Current CompileTask:
C2:  56803 1886             org.springframework.asm.ClassReader::accept (4725 bytes)


---------------  P R O C E S S  ---------------

Java Threads: ( => current thread )
  0x000000000ec74000 JavaThread "org.eclipse.jetty.server.session.HashSessionManager@332256fcTimer" daemon [_thread_blocked, id=32172, stack(0x0000000014b60000,0x0000000014c60000)]
  0x000000000ec73000 JavaThread "qtp1200727932-25" [_thread_blocked, id=12488, stack(0x0000000014a60000,0x0000000014b60000)]
  0x000000000f18f000 JavaThread "qtp1200727932-24" [_thread_blocked, id=35352, stack(0x00000000117f0000,0x00000000118f0000)]
  0x000000000efbb800 JavaThread "qtp1200727932-22" [_thread_blocked, id=17832, stack(0x00000000115f0000,0x00000000116f0000)]
  0x000000000f7f7800 JavaThread "qtp1200727932-21" [_thread_blocked, id=35916, stack(0x00000000114f0000,0x00000000115f0000)]
  0x000000000f7f6800 JavaThread "qtp1200727932-20" [_thread_blocked, id=32496, stack(0x00000000113f0000,0x00000000114f0000)]
  0x000000000f5a5800 JavaThread "qtp1200727932-19" [_thread_blocked, id=17152, stack(0x00000000112f0000,0x00000000113f0000)]
  0x000000000f5a4800 JavaThread "qtp1200727932-18" [_thread_blocked, id=15316, stack(0x00000000111f0000,0x00000000112f0000)]
  0x000000000f5d8000 JavaThread "qtp1200727932-17" [_thread_blocked, id=39516, stack(0x00000000110f0000,0x00000000111f0000)]
  0x000000000f5d7000 JavaThread "qtp1200727932-16" [_thread_blocked, id=31148, stack(0x0000000010ff0000,0x00000000110f0000)]
  0x00000000101b4000 JavaThread "qtp1200727932-15" [_thread_blocked, id=38836, stack(0x0000000010ef0000,0x0000000010ff0000)]
  0x000000000d687000 JavaThread "Service Thread" daemon [_thread_blocked, id=1084, stack(0x000000000e170000,0x000000000e270000)]
  0x000000000d686000 JavaThread "C2 CompilerThread1" daemon [_thread_in_native, id=17864, stack(0x000000000e070000,0x000000000e170000)]
=>0x000000000d684800 JavaThread "C2 CompilerThread0" daemon [_thread_in_native, id=37012, stack(0x000000000df70000,0x000000000e070000)]
  0x000000000d67b000 JavaThread "JDWP Command Reader" daemon [_thread_in_native, id=31320, stack(0x000000000de70000,0x000000000df70000)]
  0x000000000d670800 JavaThread "JDWP Event Helper Thread" daemon [_thread_blocked, id=28636, stack(0x000000000dd70000,0x000000000de70000)]
  0x0000000002e9d800 JavaThread "JDWP Transport Listener: dt_socket" daemon [_thread_blocked, id=33420, stack(0x000000000dc70000,0x000000000dd70000)]
  0x000000000d664800 JavaThread "Attach Listener" daemon [_thread_blocked, id=10932, stack(0x000000000db30000,0x000000000dc30000)]
  0x0000000002e94000 JavaThread "Signal Dispatcher" daemon [_thread_blocked, id=8236, stack(0x000000000da30000,0x000000000db30000)]
  0x000000000b62f800 JavaThread "Finalizer" daemon [_thread_blocked, id=30580, stack(0x000000000d530000,0x000000000d630000)]
  0x000000000b627000 JavaThread "Reference Handler" daemon [_thread_blocked, id=14168, stack(0x000000000d430000,0x000000000d530000)]
  0x0000000002c9d800 JavaThread "main" [_thread_in_Java, id=24944, stack(0x0000000002ca0000,0x0000000002da0000)]

Other Threads:
  0x000000000b623800 VMThread [stack: 0x000000000d330000,0x000000000d430000] [id=29924]
  0x000000000d6a1800 WatcherThread [stack: 0x000000000e270000,0x000000000e370000] [id=33016]

VM state:not at safepoint (normal execution)

VM Mutex/Monitor currently owned by a thread: None

Heap
 PSYoungGen      total 548352K, used 461344K [0x00000007d5c00000, 0x00000007ffd80000, 0x0000000800000000)
  eden space 406016K, 92% used [0x00000007d5c00000,0x00000007ecc23f20,0x00000007ee880000)
  from space 142336K, 59% used [0x00000007ee880000,0x00000007f3ae4198,0x00000007f7380000)
  to   space 140800K, 0% used [0x00000007f7400000,0x00000007f7400000,0x00000007ffd80000)
 ParOldGen       total 124928K, used 94416K [0x0000000781400000, 0x0000000788e00000, 0x00000007d5c00000)
  object space 124928K, 75% used [0x0000000781400000,0x00000007870340f0,0x0000000788e00000)
 PSPermGen       total 50688K, used 31189K [0x000000077c200000, 0x000000077f380000, 0x0000000781400000)
  object space 50688K, 61% used [0x000000077c200000,0x000000077e075520,0x000000077f380000)

Card table byte_map: [0x0000000005f60000,0x0000000006380000] byte_map_base: 0x000000000237f000

Polling page: 0x0000000001100000

Code Cache  [0x0000000002ea0000, 0x0000000003570000, 0x0000000005ea0000)
 total_blobs=2112 nmethods=1767 adapters=302 free_code_cache=42273Kb largest_free_block=43224064

Compilation events (10 events):
Event: 56.662 Thread 0x000000000d686000 nmethod 1906 0x00000000035607d0 code [0x0000000003560920, 0x0000000003560a78]
Event: 56.708 Thread 0x000000000d686000 1907   !         org.springframework.beans.factory.support.DefaultListableBeanFactory::resetBeanDefinition (118 bytes)
Event: 56.758 Thread 0x000000000d686000 nmethod 1907 0x0000000003564e90 code [0x00000000035650c0, 0x0000000003566570]
Event: 56.759 Thread 0x000000000d686000 1908             org.springframework.beans.factory.support.GenericBeanDefinition::getParentName (5 bytes)
Event: 56.760 Thread 0x000000000d686000 nmethod 1908 0x00000000035605d0 code [0x0000000003560700, 0x0000000003560778]
Event: 56.761 Thread 0x000000000d686000 1909             java.util.concurrent.ConcurrentHashMap::segmentAt (31 bytes)
Event: 56.761 Thread 0x000000000d686000 nmethod 1909 0x0000000003560390 code [0x00000000035604c0, 0x0000000003560538]
Event: 56.762 Thread 0x000000000d686000 1910             java.util.concurrent.ConcurrentHashMap::clear (34 bytes)
Event: 56.767 Thread 0x000000000d686000 nmethod 1910 0x000000000355fc50 code [0x000000000355fda0, 0x00000000035600f8]
Event: 56.768 Thread 0x000000000d686000 1911   !         org.springframework.beans.factory.support.DefaultListableBeanFactory::resetBeanDefinition (118 bytes)

GC Heap History (10 events):
Event: 46.591 GC heap before
{Heap before GC invocations=34 (full 1):
 PSYoungGen      total 546816K, used 499044K [0x00000007d5c00000, 0x0000000800000000, 0x0000000800000000)
  eden space 409600K, 100% used [0x00000007d5c00000,0x00000007eec00000,0x00000007eec00000)
  from space 137216K, 65% used [0x00000007f7a00000,0x00000007fd159328,0x0000000800000000)
  to   space 141312K, 0% used [0x00000007eec00000,0x00000007eec00000,0x00000007f7600000)
 ParOldGen       total 124928K, used 89420K [0x0000000781400000, 0x0000000788e00000, 0x00000007d5c00000)
  object space 124928K, 71% used [0x0000000781400000,0x0000000786b53020,0x0000000788e00000)
 PSPermGen       total 50688K, used 25361K [0x000000077c200000, 0x000000077f380000, 0x0000000781400000)
  object space 50688K, 50% used [0x000000077c200000,0x000000077dac44c8,0x000000077f380000)
Event: 46.822 GC heap after
Heap after GC invocations=34 (full 1):
 PSYoungGen      total 495616K, used 85808K [0x00000007d5c00000, 0x0000000800000000, 0x0000000800000000)
  eden space 409600K, 0% used [0x00000007d5c00000,0x00000007d5c00000,0x00000007eec00000)
  from space 86016K, 99% used [0x00000007eec00000,0x00000007f3fcc3b8,0x00000007f4000000)
  to   space 142848K, 0% used [0x00000007f7480000,0x00000007f7480000,0x0000000800000000)
 ParOldGen       total 124928K, used 90488K [0x0000000781400000, 0x0000000788e00000, 0x00000007d5c00000)
  object space 124928K, 72% used [0x0000000781400000,0x0000000786c5e040,0x0000000788e00000)
 PSPermGen       total 50688K, used 25361K [0x000000077c200000, 0x000000077f380000, 0x0000000781400000)
  object space 50688K, 50% used [0x000000077c200000,0x000000077dac44c8,0x000000077f380000)
}
Event: 48.209 GC heap before
{Heap before GC invocations=35 (full 1):
 PSYoungGen      total 495616K, used 495408K [0x00000007d5c00000, 0x0000000800000000, 0x0000000800000000)
  eden space 409600K, 100% used [0x00000007d5c00000,0x00000007eec00000,0x00000007eec00000)
  from space 86016K, 99% used [0x00000007eec00000,0x00000007f3fcc3b8,0x00000007f4000000)
  to   space 142848K, 0% used [0x00000007f7480000,0x00000007f7480000,0x0000000800000000)
 ParOldGen       total 124928K, used 90488K [0x0000000781400000, 0x0000000788e00000, 0x00000007d5c00000)
  object space 124928K, 72% used [0x0000000781400000,0x0000000786c5e040,0x0000000788e00000)
 PSPermGen       total 50688K, used 25361K [0x000000077c200000, 0x000000077f380000, 0x0000000781400000)
  object space 50688K, 50% used [0x000000077c200000,0x000000077dac45f0,0x000000077f380000)
Event: 48.484 GC heap after
Heap after GC invocations=35 (full 1):
 PSYoungGen      total 548352K, used 84703K [0x00000007d5c00000, 0x0000000800000000, 0x0000000800000000)
  eden space 405504K, 0% used [0x00000007d5c00000,0x00000007d5c00000,0x00000007ee800000)
  from space 142848K, 59% used [0x00000007f7480000,0x00000007fc737c10,0x0000000800000000)
  to   space 143360K, 0% used [0x00000007ee800000,0x00000007ee800000,0x00000007f7400000)
 ParOldGen       total 124928K, used 91508K [0x0000000781400000, 0x0000000788e00000, 0x00000007d5c00000)
  object space 124928K, 73% used [0x0000000781400000,0x0000000786d5d060,0x0000000788e00000)
 PSPermGen       total 50688K, used 25361K [0x000000077c200000, 0x000000077f380000, 0x0000000781400000)
  object space 50688K, 50% used [0x000000077c200000,0x000000077dac45f0,0x000000077f380000)
}
Event: 49.942 GC heap before
{Heap before GC invocations=36 (full 1):
 PSYoungGen      total 548352K, used 490207K [0x00000007d5c00000, 0x0000000800000000, 0x0000000800000000)
  eden space 405504K, 100% used [0x00000007d5c00000,0x00000007ee800000,0x00000007ee800000)
  from space 142848K, 59% used [0x00000007f7480000,0x00000007fc737c10,0x0000000800000000)
  to   space 143360K, 0% used [0x00000007ee800000,0x00000007ee800000,0x00000007f7400000)
 ParOldGen       total 124928K, used 91508K [0x0000000781400000, 0x0000000788e00000, 0x00000007d5c00000)
  object space 124928K, 73% used [0x0000000781400000,0x0000000786d5d060,0x0000000788e00000)
 PSPermGen       total 50688K, used 25369K [0x000000077c200000, 0x000000077f380000, 0x0000000781400000)
  object space 50688K, 50% used [0x000000077c200000,0x000000077dac64b0,0x000000077f380000)
Event: 50.151 GC heap after
Heap after GC invocations=36 (full 1):
 PSYoungGen      total 548864K, used 84946K [0x00000007d5c00000, 0x00000007fff80000, 0x0000000800000000)
  eden space 405504K, 0% used [0x00000007d5c00000,0x00000007d5c00000,0x00000007ee800000)
  from space 143360K, 59% used [0x00000007ee800000,0x00000007f3af4bb0,0x00000007f7400000)
  to   space 142848K, 0% used [0x00000007f7400000,0x00000007f7400000,0x00000007fff80000)
 ParOldGen       total 124928K, used 91656K [0x0000000781400000, 0x0000000788e00000, 0x00000007d5c00000)
  object space 124928K, 73% used [0x0000000781400000,0x0000000786d82080,0x0000000788e00000)
 PSPermGen       total 50688K, used 25369K [0x000000077c200000, 0x000000077f380000, 0x0000000781400000)
  object space 50688K, 50% used [0x000000077c200000,0x000000077dac64b0,0x000000077f380000)
}
Event: 51.538 GC heap before
{Heap before GC invocations=37 (full 1):
 PSYoungGen      total 548864K, used 490450K [0x00000007d5c00000, 0x00000007fff80000, 0x0000000800000000)
  eden space 405504K, 100% used [0x00000007d5c00000,0x00000007ee800000,0x00000007ee800000)
  from space 143360K, 59% used [0x00000007ee800000,0x00000007f3af4bb0,0x00000007f7400000)
  to   space 142848K, 0% used [0x00000007f7400000,0x00000007f7400000,0x00000007fff80000)
 ParOldGen       total 124928K, used 91656K [0x0000000781400000, 0x0000000788e00000, 0x00000007d5c00000)
  object space 124928K, 73% used [0x0000000781400000,0x0000000786d82080,0x0000000788e00000)
 PSPermGen       total 50688K, used 25371K [0x000000077c200000, 0x000000077f380000, 0x0000000781400000)
  object space 50688K, 50% used [0x000000077c200000,0x000000077dac6ed0,0x000000077f380000)
Event: 51.842 GC heap after
Heap after GC invocations=37 (full 1):
 PSYoungGen      total 547840K, used 85008K [0x00000007d5c00000, 0x00000007ffe80000, 0x0000000800000000)
  eden space 406016K, 0% used [0x00000007d5c00000,0x00000007d5c00000,0x00000007ee880000)
  from space 141824K, 59% used [0x00000007f7400000,0x00000007fc7043b8,0x00000007ffe80000)
  to   space 142336K, 0% used [0x00000007ee880000,0x00000007ee880000,0x00000007f7380000)
 ParOldGen       total 124928K, used 93380K [0x0000000781400000, 0x0000000788e00000, 0x00000007d5c00000)
  object space 124928K, 74% used [0x0000000781400000,0x0000000786f310b0,0x0000000788e00000)
 PSPermGen       total 50688K, used 25371K [0x000000077c200000, 0x000000077f380000, 0x0000000781400000)
  object space 50688K, 50% used [0x000000077c200000,0x000000077dac6ed0,0x000000077f380000)
}
Event: 53.400 GC heap before
{Heap before GC invocations=38 (full 1):
 PSYoungGen      total 547840K, used 491024K [0x00000007d5c00000, 0x00000007ffe80000, 0x0000000800000000)
  eden space 406016K, 100% used [0x00000007d5c00000,0x00000007ee880000,0x00000007ee880000)
  from space 141824K, 59% used [0x00000007f7400000,0x00000007fc7043b8,0x00000007ffe80000)
  to   space 142336K, 0% used [0x00000007ee880000,0x00000007ee880000,0x00000007f7380000)
 ParOldGen       total 124928K, used 93380K [0x0000000781400000, 0x0000000788e00000, 0x00000007d5c00000)
  object space 124928K, 74% used [0x0000000781400000,0x0000000786f310b0,0x0000000788e00000)
 PSPermGen       total 50688K, used 25372K [0x000000077c200000, 0x000000077f380000, 0x0000000781400000)
  object space 50688K, 50% used [0x000000077c200000,0x000000077dac7118,0x000000077f380000)
Event: 53.686 GC heap after
Heap after GC invocations=38 (full 1):
 PSYoungGen      total 548352K, used 84368K [0x00000007d5c00000, 0x00000007ffd80000, 0x0000000800000000)
  eden space 406016K, 0% used [0x00000007d5c00000,0x00000007d5c00000,0x00000007ee880000)
  from space 142336K, 59% used [0x00000007ee880000,0x00000007f3ae4198,0x00000007f7380000)
  to   space 140800K, 0% used [0x00000007f7400000,0x00000007f7400000,0x00000007ffd80000)
 ParOldGen       total 124928K, used 94416K [0x0000000781400000, 0x0000000788e00000, 0x00000007d5c00000)
  object space 124928K, 75% used [0x0000000781400000,0x00000007870340f0,0x0000000788e00000)
 PSPermGen       total 50688K, used 25372K [0x000000077c200000, 0x000000077f380000, 0x0000000781400000)
  object space 50688K, 50% used [0x000000077c200000,0x000000077dac7118,0x000000077f380000)
}

Deoptimization events (10 events):
Event: 56.536 Thread 0x0000000002c9d800 Uncommon trap: reason=unreached action=reinterpret pc=0x000000000341e360 method=java.util.concurrent.ConcurrentHashMap.containsKey(Ljava/lang/Object;)Z @ 47
Event: 56.537 Thread 0x0000000002c9d800 Uncommon trap: reason=bimorphic action=maybe_recompile pc=0x0000000003428434 method=java.util.HashMap$EntrySet.iterator()Ljava/util/Iterator; @ 4
Event: 56.538 Thread 0x0000000002c9d800 Uncommon trap: reason=bimorphic action=maybe_recompile pc=0x0000000003428434 method=java.util.HashMap$EntrySet.iterator()Ljava/util/Iterator; @ 4
Event: 56.538 Thread 0x0000000002c9d800 Uncommon trap: reason=bimorphic action=maybe_recompile pc=0x0000000003428434 method=java.util.HashMap$EntrySet.iterator()Ljava/util/Iterator; @ 4
Event: 56.575 Thread 0x0000000002c9d800 Uncommon trap: reason=array_check action=maybe_recompile pc=0x000000000355eac4 method=java.util.AbstractCollection.toArray([Ljava/lang/Object;)[Ljava/lang/Object; @ 119
Event: 56.575 Thread 0x0000000002c9d800 Uncommon trap: reason=array_check action=maybe_recompile pc=0x000000000355eac4 method=java.util.AbstractCollection.toArray([Ljava/lang/Object;)[Ljava/lang/Object; @ 119
Event: 56.575 Thread 0x0000000002c9d800 Uncommon trap: reason=array_check action=maybe_recompile pc=0x000000000355eac4 method=java.util.AbstractCollection.toArray([Ljava/lang/Object;)[Ljava/lang/Object; @ 119
Event: 56.575 Thread 0x0000000002c9d800 Uncommon trap: reason=array_check action=maybe_recompile pc=0x000000000355eac4 method=java.util.AbstractCollection.toArray([Ljava/lang/Object;)[Ljava/lang/Object; @ 119
Event: 56.763 Thread 0x0000000002c9d800 Uncommon trap: reason=null_check action=make_not_entrant pc=0x00000000035663a0 method=org.springframework.beans.factory.support.DefaultListableBeanFactory.resetBeanDefinition(Ljava/lang/String;)V @ 97
Event: 56.768 Thread 0x0000000002c9d800 Uncommon trap: reason=unreached action=reinterpret pc=0x00000000030b1e20 method=java.net.URL.<init>(Ljava/net/URL;Ljava/lang/String;Ljava/net/URLStreamHandler;)V @ 347

Internal exceptions (10 events):
Event: 56.526 Thread 0x0000000002c9d800 Threw 0x00000007ebd010b0 at C:\re\jdk7u45\229\hotspot\src\share\vm\prims\jvm.cpp:1244
Event: 56.526 Thread 0x0000000002c9d800 Threw 0x00000007ebd01950 at C:\re\jdk7u45\229\hotspot\src\share\vm\prims\jvm.cpp:1244
Event: 56.528 Thread 0x0000000002c9d800 Threw 0x00000007ebd09108 at C:\re\jdk7u45\229\hotspot\src\share\vm\prims\jvm.cpp:1244
Event: 56.528 Thread 0x0000000002c9d800 Threw 0x00000007ebd0a5a0 at C:\re\jdk7u45\229\hotspot\src\share\vm\prims\jvm.cpp:1244
Event: 56.529 Thread 0x0000000002c9d800 Threw 0x00000007ebd0eb70 at C:\re\jdk7u45\229\hotspot\src\share\vm\prims\jvm.cpp:1244
Event: 56.529 Thread 0x0000000002c9d800 Threw 0x00000007ebd0f420 at C:\re\jdk7u45\229\hotspot\src\share\vm\prims\jvm.cpp:1244
Event: 56.529 Thread 0x0000000002c9d800 Threw 0x00000007ebd0fcc0 at C:\re\jdk7u45\229\hotspot\src\share\vm\prims\jvm.cpp:1244
Event: 56.530 Thread 0x0000000002c9d800 Threw 0x00000007ebd17430 at C:\re\jdk7u45\229\hotspot\src\share\vm\prims\jvm.cpp:1244
Event: 56.536 Thread 0x0000000002c9d800 Implicit null exception at 0x000000000341e18f to 0x000000000341e341
Event: 56.763 Thread 0x0000000002c9d800 Implicit null exception at 0x0000000003565607 to 0x0000000003566391

Events (10 events):
Event: 56.575 Thread 0x0000000002c9d800 DEOPT PACKING pc=0x000000000355eac4 sp=0x0000000002d9c7b0
Event: 56.575 Thread 0x0000000002c9d800 DEOPT UNPACKING pc=0x0000000002ed75a4 sp=0x0000000002d9c798 mode 2
Event: 56.763 Thread 0x0000000002c9d800 Uncommon trap: trap_request=0xfffffff4 fr.pc=0x00000000035663a0
Event: 56.763 Thread 0x0000000002c9d800 DEOPT PACKING pc=0x00000000035663a0 sp=0x0000000002d9cd80
Event: 56.763 Thread 0x0000000002c9d800 DEOPT UNPACKING pc=0x0000000002ed75a4 sp=0x0000000002d9cd68 mode 2
Event: 56.768 Thread 0x0000000002c9d800 Uncommon trap: trap_request=0xffffffad fr.pc=0x00000000030b1e20
Event: 56.768 Thread 0x0000000002c9d800 DEOPT PACKING pc=0x00000000030b1e20 sp=0x0000000002d9cf20
Event: 56.768 Thread 0x0000000002c9d800 DEOPT UNPACKING pc=0x0000000002ed75a4 sp=0x0000000002d9cf08 mode 2
Event: 56.768 Thread 0x0000000002c9d800 DEOPT PACKING pc=0x0000000003140764 sp=0x0000000002d9d000
Event: 56.768 Thread 0x0000000002c9d800 DEOPT UNPACKING pc=0x0000000002ed92b9 sp=0x0000000002d9ccc8 mode 1


Dynamic libraries:
0x00007ff7337d0000 - 0x00007ff733803000 	D:\java\jdk1.7.0_45\bin\javaw.exe
0x00007ff99fd50000 - 0x00007ff99ff21000 	C:\WINDOWS\SYSTEM32\ntdll.dll
0x00007ff99d410000 - 0x00007ff99d4bb000 	C:\WINDOWS\System32\KERNEL32.DLL
0x00007ff99cea0000 - 0x00007ff99d0bd000 	C:\WINDOWS\System32\KERNELBASE.dll
0x00007ff99da20000 - 0x00007ff99dac2000 	C:\WINDOWS\System32\ADVAPI32.dll
0x00007ff99d690000 - 0x00007ff99d72e000 	C:\WINDOWS\System32\msvcrt.dll
0x00007ff99d630000 - 0x00007ff99d689000 	C:\WINDOWS\System32\sechost.dll
0x00007ff99efe0000 - 0x00007ff99f101000 	C:\WINDOWS\System32\RPCRT4.dll
0x00007ff99f9e0000 - 0x00007ff99fb45000 	C:\WINDOWS\System32\USER32.dll
0x00007ff99cdd0000 - 0x00007ff99cdee000 	C:\WINDOWS\System32\win32u.dll
0x00007ff99fc50000 - 0x00007ff99fc84000 	C:\WINDOWS\System32\GDI32.dll
0x00007ff99cb40000 - 0x00007ff99ccc2000 	C:\WINDOWS\System32\gdi32full.dll
0x00007ff990120000 - 0x00007ff99039a000 	C:\WINDOWS\WinSxS\amd64_microsoft.windows.common-controls_6595b64144ccf1df_6.0.14393.953_none_42151e83c686086b\COMCTL32.dll
0x00007ff99d750000 - 0x00007ff99da18000 	C:\WINDOWS\System32\combase.dll
0x00007ff99ccd0000 - 0x00007ff99cdc5000 	C:\WINDOWS\System32\ucrtbase.dll
0x00007ff99c240000 - 0x00007ff99c2aa000 	C:\WINDOWS\System32\bcryptPrimitives.dll
0x00007ff99d4c0000 - 0x00007ff99d4ee000 	C:\WINDOWS\System32\IMM32.DLL
0x0000000054dd0000 - 0x0000000054ea2000 	D:\java\jdk1.7.0_45\jre\bin\msvcr100.dll
0x0000000053e60000 - 0x0000000054629000 	D:\java\jdk1.7.0_45\jre\bin\server\jvm.dll
0x00007ff99d730000 - 0x00007ff99d738000 	C:\WINDOWS\System32\PSAPI.DLL
0x00007ff98c330000 - 0x00007ff98c339000 	C:\WINDOWS\SYSTEM32\WSOCK32.dll
0x00007ff99a4a0000 - 0x00007ff99a4c3000 	C:\WINDOWS\SYSTEM32\WINMM.dll
0x00007ff99f1e0000 - 0x00007ff99f24a000 	C:\WINDOWS\System32\WS2_32.dll
0x00007ff999eb0000 - 0x00007ff999edb000 	C:\WINDOWS\SYSTEM32\WINMMBASE.dll
0x00007ff99d0c0000 - 0x00007ff99d102000 	C:\WINDOWS\System32\cfgmgr32.dll
0x0000000054dc0000 - 0x0000000054dcf000 	D:\java\jdk1.7.0_45\jre\bin\verify.dll
0x0000000054d90000 - 0x0000000054db8000 	D:\java\jdk1.7.0_45\jre\bin\java.dll
0x00000000531f0000 - 0x0000000053225000 	D:\java\jdk1.7.0_45\jre\bin\jdwp.dll
0x00000000532d0000 - 0x00000000532d8000 	D:\java\jdk1.7.0_45\jre\bin\npt.dll
0x0000000054d70000 - 0x0000000054d85000 	D:\java\jdk1.7.0_45\jre\bin\zip.dll
0x00000000532c0000 - 0x00000000532c9000 	D:\java\jdk1.7.0_45\jre\bin\dt_socket.dll
0x00007ff98a160000 - 0x00007ff98a176000 	C:\WINDOWS\system32\napinsp.dll
0x00007ff98a180000 - 0x00007ff98a19a000 	C:\WINDOWS\system32\pnrpnsp.dll
0x00007ff999e10000 - 0x00007ff999e28000 	C:\WINDOWS\system32\NLAapi.dll
0x00007ff99bae0000 - 0x00007ff99bb3c000 	C:\WINDOWS\System32\mswsock.dll
0x00007ff99b8a0000 - 0x00007ff99b941000 	C:\WINDOWS\SYSTEM32\DNSAPI.dll
0x00007ff99d740000 - 0x00007ff99d748000 	C:\WINDOWS\System32\NSI.dll
0x00007ff99b860000 - 0x00007ff99b898000 	C:\WINDOWS\SYSTEM32\IPHLPAPI.DLL
0x00007ff98a1a0000 - 0x00007ff98a1ae000 	C:\WINDOWS\System32\winrnr.dll
0x00007ff98a1b0000 - 0x00007ff98a1c5000 	C:\WINDOWS\System32\wshbth.dll
0x00000000563b0000 - 0x00000000563d6000 	C:\Program Files\Bonjour\mdnsNSP.dll
0x00007ff996650000 - 0x00007ff9966ba000 	C:\WINDOWS\System32\fwpuclnt.dll
0x00007ff99bd90000 - 0x00007ff99bdbb000 	C:\WINDOWS\SYSTEM32\bcrypt.dll
0x00007ff996260000 - 0x00007ff99626a000 	C:\Windows\System32\rasadhlp.dll
0x0000000054d50000 - 0x0000000054d69000 	D:\java\jdk1.7.0_45\jre\bin\net.dll
0x0000000054d30000 - 0x0000000054d41000 	D:\java\jdk1.7.0_45\jre\bin\nio.dll
0x00000000532b0000 - 0x00000000532bb000 	D:\java\jdk1.7.0_45\jre\bin\management.dll

VM Arguments:
jvm_args: -agentlib:jdwp=transport=dt_socket,suspend=y,address=localhost:58720 -Dmaven.home=EMBEDDED -Dclassworlds.conf=D:\Workspace\.metadata\.plugins\org.eclipse.m2e.launching\launches\m2conf3997639907506720296.tmp -Dmaven.multiModuleProjectDirectory=D:\dawawang\branch\ejavashop-seller -Dfile.encoding=UTF-8 
java_command: org.codehaus.plexus.classworlds.launcher.Launcher -Pdev -B -s D:\java\maven\apache-maven-3.3.9\conf\settings.xml clean compile jetty:run
Launcher Type: SUN_STANDARD

Environment Variables:
JAVA_HOME=d:\java\jdk1.8.0_51
CLASSPATH=.;d:\java\jdk1.8.0_51\lib\dt.jar;d:\java\jdk1.8.0_51\lib\tools.jar;
PATH=D:\java\jdk1.7.0_45\jre\bin;d:\java\jdk1.8.0_51\bin;C:\Program Files (x86)\Intel\iCLS Client\;C:\Program Files\Intel\iCLS Client\;C:\Windows\system32;C:\Windows;C:\Windows\System32\Wbem;C:\Windows\System32\WindowsPowerShell\v1.0\;C:\Program Files (x86)\Common Files\lenovo\easyplussdk\bin;C:\Program Files (x86)\NVIDIA Corporation\PhysX\Common;C:\Program Files (x86)\Intel\Intel(R) Management Engine Components\DAL;C:\Program Files\Intel\Intel(R) Management Engine Components\DAL;C:\Program Files (x86)\Intel\Intel(R) Management Engine Components\IPT;C:\Program Files\Intel\Intel(R) Management Engine Components\IPT;d:\java\jdk1.8.0_51\jre\bin;E:\SVN\bin;C:\WINDOWS\system32;C:\WINDOWS;C:\WINDOWS\System32\Wbem;C:\WINDOWS\System32\WindowsPowerShell\v1.0\;C:\Program Files\Intel\WiFi\bin\;C:\Program Files\Common Files\Intel\WirelessCommon\;E:\Ls\开发工具\nodejs\;E:\Ls\gradle-2.10\bin;D:\java\maven\apache-maven-3.3.9\bin;E:\Redis\;D:\Shell;C:\Users\lu163\AppData\Local\Microsoft\WindowsApps;C:\Users\lu163\AppData\Roaming\npm
USERNAME=lu163
OS=Windows_NT
PROCESSOR_IDENTIFIER=Intel64 Family 6 Model 94 Stepping 3, GenuineIntel



---------------  S Y S T E M  ---------------

OS: Windows 8 , 64 bit Build 9200 

CPU:total 8 (4 cores per cpu, 2 threads per core) family 6 model 94 stepping 3, cmov, cx8, fxsr, mmx, sse, sse2, sse3, ssse3, sse4.1, sse4.2, popcnt, avx, avx2, aes, erms, ht, tsc, tscinvbit

Memory: 4k page, physical 8299300k(462920k free), swap 16163744k(1848k free)

vm_info: Java HotSpot(TM) 64-Bit Server VM (24.45-b08) for windows-amd64 JRE (1.7.0_45-b18), built on Oct  8 2013 05:47:22 by "java_re" with unknown MS VC++:1600

time: Wed Mar 29 15:29:10 2017
elapsed time: 56 seconds

